<?xml version="1.0" encoding="UTF-8"?>
<!-- Generated by org.testng.reporters.JUnitReportReporter -->
<testsuite hostname="CCST5" failures="0" tests="2" name="Day5.SegregationFile.TestLogin" time="14.989" errors="0" timestamp="2026-09-24T14:47:25 IST" skipped="0">
  <testcase classname="Day5.SegregationFile.TestLogin" name="testLoginPositive" time="9.647"/>
  <testcase classname="Day5.SegregationFile.TestLogin" name="testLoginNegative" time="5.342"/>
</testsuite> <!-- Day5.SegregationFile.TestLogin -->
