<?xml version="1.0" encoding="UTF-8"?>
<!-- Generated by org.testng.reporters.JUnitReportReporter -->
<testsuite hostname="CCST5" failures="0" tests="5" name="Day4.FrampyAssets" time="29.833" errors="0" timestamp="2026-09-23T09:56:48 IST" skipped="0">
  <testcase classname="Day4.FrampyAssets" name="frame1" time="10.476"/>
  <testcase classname="Day4.FrampyAssets" name="frame2" time="4.922"/>
  <testcase classname="Day4.FrampyAssets" name="frame3" time="6.221"/>
  <testcase classname="Day4.FrampyAssets" name="frame4" time="4.166"/>
  <testcase classname="Day4.FrampyAssets" name="MainFrame" time="4.048"/>
</testsuite> <!-- Day4.FrampyAssets -->
