<?xml version="1.0" encoding="UTF-8"?>
<!-- Generated by org.testng.reporters.JUnitXMLReporter -->
<testsuite ignored="0" hostname="CCST5" failures="0" tests="5" name="Playwright101" time="29.885" errors="0" timestamp="2026-09-23T09:56:48 IST">
  <testcase classname="Day4.FrampyAssets" name="frame1" time="4.315"/>
  <testcase classname="Day4.FrampyAssets" name="frame2" time="2.095"/>
  <testcase classname="Day4.FrampyAssets" name="frame3" time="4.095"/>
  <testcase classname="Day4.FrampyAssets" name="frame4" time="2.311"/>
  <testcase classname="Day4.FrampyAssets" name="MainFrame" time="2.059"/>
</testsuite> <!-- Playwright101 -->
