<?xml version="1.0" encoding="UTF-8"?>
<testng-results ignored="0" total="2" passed="2" failed="0" skipped="0">
  <reporter-output>
  </reporter-output>
  <suite started-at="2026-09-24T14:47:10 IST" name="CCST_Suite1" finished-at="2026-09-24T14:47:25 IST" duration-ms="15042">
    <groups>
    </groups>
    <test started-at="2026-09-24T14:47:10 IST" name="Day5_Tests" finished-at="2026-09-24T14:47:25 IST" duration-ms="15042">
      <class name="Day5.SegregationFile.TestLogin">
        <test-method is-config="true" signature="setUp()[pri:0, instance:Day5.SegregationFile.TestLogin@1aa7ecca]" started-at="2026-09-24T14:47:10 IST" name="setUp" finished-at="2026-09-24T14:47:17 IST" duration-ms="6961" status="PASS">
          <reporter-output>
          </reporter-output>
        </test-method> <!-- setUp -->
        <test-method signature="testLoginPositive()[pri:1, instance:Day5.SegregationFile.TestLogin@1aa7ecca]" started-at="2026-09-24T14:47:17 IST" name="testLoginPositive" finished-at="2026-09-24T14:47:19 IST" duration-ms="1633" status="PASS">
          <reporter-output>
          </reporter-output>
        </test-method> <!-- testLoginPositive -->
        <test-method is-config="true" signature="teardown()[pri:0, instance:Day5.SegregationFile.TestLogin@1aa7ecca]" started-at="2026-09-24T14:47:19 IST" name="teardown" finished-at="2026-09-24T14:47:20 IST" duration-ms="1053" status="PASS">
          <reporter-output>
          </reporter-output>
        </test-method> <!-- teardown -->
        <test-method is-config="true" signature="setUp()[pri:0, instance:Day5.SegregationFile.TestLogin@1aa7ecca]" started-at="2026-09-24T14:47:20 IST" name="setUp" finished-at="2026-09-24T14:47:22 IST" duration-ms="2113" status="PASS">
          <reporter-output>
          </reporter-output>
        </test-method> <!-- setUp -->
        <test-method signature="testLoginNegative()[pri:2, instance:Day5.SegregationFile.TestLogin@1aa7ecca]" started-at="2026-09-24T14:47:22 IST" name="testLoginNegative" finished-at="2026-09-24T14:47:24 IST" duration-ms="1638" status="PASS">
          <reporter-output>
          </reporter-output>
        </test-method> <!-- testLoginNegative -->
        <test-method is-config="true" signature="teardown()[pri:0, instance:Day5.SegregationFile.TestLogin@1aa7ecca]" started-at="2026-09-24T14:47:24 IST" name="teardown" finished-at="2026-09-24T14:47:25 IST" duration-ms="1591" status="PASS">
          <reporter-output>
          </reporter-output>
        </test-method> <!-- teardown -->
      </class> <!-- Day5.SegregationFile.TestLogin -->
    </test> <!-- Day5_Tests -->
  </suite> <!-- CCST_Suite1 -->
</testng-results>
