<?xml version="1.0" encoding="UTF-8"?>
<testng-results ignored="0" total="5" passed="5" failed="0" skipped="0">
  <reporter-output>
  </reporter-output>
  <suite started-at="2026-09-23T09:56:18 IST" name="Default Suite" finished-at="2026-09-23T09:56:48 IST" duration-ms="29885">
    <groups>
    </groups>
    <test started-at="2026-09-23T09:56:18 IST" name="Playwright101" finished-at="2026-09-23T09:56:48 IST" duration-ms="29885">
      <class name="Day4.FrampyAssets">
        <test-method is-config="true" signature="setUp()[pri:0, instance:Day4.FrampyAssets@595b007d]" started-at="2026-09-23T09:56:18 IST" name="setUp" finished-at="2026-09-23T09:56:23 IST" duration-ms="5217" status="PASS">
          <reporter-output>
          </reporter-output>
        </test-method> <!-- setUp -->
        <test-method signature="frame1()[pri:1, instance:Day4.FrampyAssets@595b007d]" started-at="2026-09-23T09:56:23 IST" name="frame1" finished-at="2026-09-23T09:56:28 IST" duration-ms="4315" status="PASS">
          <reporter-output>
          </reporter-output>
        </test-method> <!-- frame1 -->
        <test-method is-config="true" signature="tearDown()[pri:0, instance:Day4.FrampyAssets@595b007d]" started-at="2026-09-23T09:56:28 IST" name="tearDown" finished-at="2026-09-23T09:56:28 IST" duration-ms="696" status="PASS">
          <reporter-output>
          </reporter-output>
        </test-method> <!-- tearDown -->
        <test-method is-config="true" signature="setUp()[pri:0, instance:Day4.FrampyAssets@595b007d]" started-at="2026-09-23T09:56:28 IST" name="setUp" finished-at="2026-09-23T09:56:30 IST" duration-ms="1438" status="PASS">
          <reporter-output>
          </reporter-output>
        </test-method> <!-- setUp -->
        <test-method signature="frame2()[pri:2, instance:Day4.FrampyAssets@595b007d]" started-at="2026-09-23T09:56:30 IST" name="frame2" finished-at="2026-09-23T09:56:32 IST" duration-ms="2095" status="PASS">
          <reporter-output>
          </reporter-output>
        </test-method> <!-- frame2 -->
        <test-method is-config="true" signature="tearDown()[pri:0, instance:Day4.FrampyAssets@595b007d]" started-at="2026-09-23T09:56:32 IST" name="tearDown" finished-at="2026-09-23T09:56:33 IST" duration-ms="944" status="PASS">
          <reporter-output>
          </reporter-output>
        </test-method> <!-- tearDown -->
        <test-method is-config="true" signature="setUp()[pri:0, instance:Day4.FrampyAssets@595b007d]" started-at="2026-09-23T09:56:33 IST" name="setUp" finished-at="2026-09-23T09:56:34 IST" duration-ms="1159" status="PASS">
          <reporter-output>
          </reporter-output>
        </test-method> <!-- setUp -->
        <test-method signature="frame3()[pri:2, instance:Day4.FrampyAssets@595b007d]" started-at="2026-09-23T09:56:34 IST" name="frame3" finished-at="2026-09-23T09:56:38 IST" duration-ms="4095" status="PASS">
          <reporter-output>
          </reporter-output>
        </test-method> <!-- frame3 -->
        <test-method is-config="true" signature="tearDown()[pri:0, instance:Day4.FrampyAssets@595b007d]" started-at="2026-09-23T09:56:38 IST" name="tearDown" finished-at="2026-09-23T09:56:39 IST" duration-ms="688" status="PASS">
          <reporter-output>
          </reporter-output>
        </test-method> <!-- tearDown -->
        <test-method is-config="true" signature="setUp()[pri:0, instance:Day4.FrampyAssets@595b007d]" started-at="2026-09-23T09:56:39 IST" name="setUp" finished-at="2026-09-23T09:56:40 IST" duration-ms="1206" status="PASS">
          <reporter-output>
          </reporter-output>
        </test-method> <!-- setUp -->
        <test-method signature="frame4()[pri:4, instance:Day4.FrampyAssets@595b007d]" started-at="2026-09-23T09:56:40 IST" name="frame4" finished-at="2026-09-23T09:56:42 IST" duration-ms="2311" status="PASS">
          <reporter-output>
          </reporter-output>
        </test-method> <!-- frame4 -->
        <test-method is-config="true" signature="tearDown()[pri:0, instance:Day4.FrampyAssets@595b007d]" started-at="2026-09-23T09:56:42 IST" name="tearDown" finished-at="2026-09-23T09:56:43 IST" duration-ms="783" status="PASS">
          <reporter-output>
          </reporter-output>
        </test-method> <!-- tearDown -->
        <test-method is-config="true" signature="setUp()[pri:0, instance:Day4.FrampyAssets@595b007d]" started-at="2026-09-23T09:56:43 IST" name="setUp" finished-at="2026-09-23T09:56:44 IST" duration-ms="1051" status="PASS">
          <reporter-output>
          </reporter-output>
        </test-method> <!-- setUp -->
        <test-method signature="MainFrame()[pri:5, instance:Day4.FrampyAssets@595b007d]" started-at="2026-09-23T09:56:44 IST" name="MainFrame" finished-at="2026-09-23T09:56:46 IST" duration-ms="2059" status="PASS">
          <reporter-output>
          </reporter-output>
        </test-method> <!-- MainFrame -->
        <test-method is-config="true" signature="tearDown()[pri:0, instance:Day4.FrampyAssets@595b007d]" started-at="2026-09-23T09:56:46 IST" name="tearDown" finished-at="2026-09-23T09:56:48 IST" duration-ms="1776" status="PASS">
          <reporter-output>
          </reporter-output>
        </test-method> <!-- tearDown -->
      </class> <!-- Day4.FrampyAssets -->
    </test> <!-- Playwright101 -->
  </suite> <!-- Default Suite -->
</testng-results>
